/
Lasciate ogne speranza, voi ch'intrate.
/index
Lasciate ogne speranza, voi ch'intrate.
/dumpcontrol
{"bundleError":"","bundlePoolSize":148000,"dumpCandC_id":1,"lastChangeTime":"2019-09-19 16:38:50","status":"Drain"}

/dumpcontrol/info
{"bundleError":"","bundlePoolSize":148000,"dumpCandC_id":1,"lastChangeTime":"2019-09-19 16:38:50","status":"Drain"}

/dumpcontrol/estring
{"bundlePoolSize":148000,"status":"Drain"}

/nersccontrol
{"lastChangeTime":"2019-09-24 15:31:55","localError":"estring","nerscCandC_id":8,"nerscError":"estring","nerscSize":48000,"status":"Error"}

/nersccontrol/info
{"lastChangeTime":"2019-09-24 15:31:55","localError":"estring","nerscCandC_id":8,"nerscError":"estring","nerscSize":48000,"status":"Error"}

/nerscheartbeat/cori01
{"hostname":"cori01","lastChangeTime":"2019-09-19 21:33:27"}

/bundles/oldestuntouched/
{"UUIDGlobus":"","UUIDJade":"","bundleStatus_id":1,"checksum":"","idealName":"/data/exp/IceCube/2018/unbiased/PFRaw/0227/f5f40fb0-5eab-42d5-895c-d95e5bc6ba92.zip","localName":"/mnt/lfss/jade-lta/bundles-scratch/bundles1/data/exp/IceCube/2018/unbiased/PFRaw/0227/f5f40fb0-5eab-42d5-895c-d95e5bc6ba92.zip","size":829388263362,"status":"Untouched","useCount":1}

/bundles/specified/estring
<!DOCTYPE HTML PUBLIC "-//IETF//DTD HTML 2.0//EN">
<html><head>
<title>400 Bad Request</title>
</head><body>
<h1>Bad Request</h1>
<p>Your browser sent a request that this server could not understand.<br />
</p>
</body></html>

/debugging/estring
Problem with json.loads